<?xml version="1.0" encoding="UTF-8" standalone="no"?>
<!DOCTYPE log SYSTEM "logger.dtd">
<log>
<record>
  <date>2025-08-29T11:16:37.213-0300</date>
  <logger>YASMIM DANTAS DA COSTA SOUZA</logger>
  <level>FINE</level>
  <message>File 124110564-YASMIM DANTAS DA COSTA SOUZA.zip was received. It was sent by YASMIM DANTAS DA COSTA SOUZA from IP 150.165.42.160 at 29-08-2025 11*16*36</message>
</record>
</log>
<?xml version="1.0" encoding="UTF-8" standalone="no"?>
<!DOCTYPE log SYSTEM "logger.dtd">
<log>
<record>
  <date>2025-08-31T21:08:51.280-0300</date>
  <logger>YASMIM DANTAS DA COSTA SOUZA</logger>
  <level>FINE</level>
  <message>File 124110564-YASMIM DANTAS DA COSTA SOUZA.zip was received. It was sent by YASMIM DANTAS DA COSTA SOUZA from IP 192.168.0.110 at 31-08-2025 21*08*50</message>
</record>
</log>
<?xml version="1.0" encoding="UTF-8" standalone="no"?>
<!DOCTYPE log SYSTEM "logger.dtd">
<log>
<record>
  <date>2025-09-01T23:00:13.586-0300</date>
  <logger>YASMIM DANTAS DA COSTA SOUZA</logger>
  <level>FINE</level>
  <message>File 124110564-YASMIM DANTAS DA COSTA SOUZA.zip was received. It was sent by YASMIM DANTAS DA COSTA SOUZA from IP 192.168.0.110 at 01-09-2025 23*00*13</message>
</record>
</log>
<?xml version="1.0" encoding="UTF-8" standalone="no"?>
<!DOCTYPE log SYSTEM "logger.dtd">
<log>
<record>
  <date>2025-09-02T18:35:50.651-0300</date>
  <logger>YASMIM DANTAS DA COSTA SOUZA</logger>
  <level>FINE</level>
  <message>File 124110564-YASMIM DANTAS DA COSTA SOUZA.zip was received. It was sent by YASMIM DANTAS DA COSTA SOUZA from IP 192.168.0.110 at 02-09-2025 18*35*50</message>
</record>
